<?xml version="1.0" encoding="UTF-8"?>
<testng-results ignored="0" total="1" passed="1" failed="0" skipped="0">
  <reporter-output>
  </reporter-output>
  <suite started-at="2023-06-12T14:29:31 IST" name="opencartSuite" finished-at="2023-06-12T14:29:41 IST" duration-ms="10662">
    <groups>
      <group name="Master">
        <method signature="TC_001_AccountRegistrationTest.test_account_Registration()[pri:0, instance:com.qa.testCases.TC_001_AccountRegistrationTest@4cc451f2]" name="test_account_Registration" class="com.qa.testCases.TC_001_AccountRegistrationTest"/>
      </group> <!-- Master -->
      <group name="Regression">
        <method signature="TC_001_AccountRegistrationTest.test_account_Registration()[pri:0, instance:com.qa.testCases.TC_001_AccountRegistrationTest@4cc451f2]" name="test_account_Registration" class="com.qa.testCases.TC_001_AccountRegistrationTest"/>
      </group> <!-- Regression -->
    </groups>
    <test started-at="2023-06-12T14:29:31 IST" name="Test" finished-at="2023-06-12T14:29:41 IST" duration-ms="10662">
      <class name="com.qa.testCases.TC_001_AccountRegistrationTest">
        <test-method is-config="true" signature="setup(java.lang.String)[pri:0, instance:com.qa.testCases.TC_001_AccountRegistrationTest@4cc451f2]" started-at="2023-06-12T14:29:31 IST" name="setup" finished-at="2023-06-12T14:29:37 IST" duration-ms="6179" status="PASS">
          <params>
            <param index="0">
              <value>
                <![CDATA[chrome]]>
              </value>
            </param>
          </params>
          <reporter-output>
          </reporter-output>
        </test-method> <!-- setup -->
        <test-method signature="test_account_Registration()[pri:0, instance:com.qa.testCases.TC_001_AccountRegistrationTest@4cc451f2]" started-at="2023-06-12T14:29:37 IST" name="test_account_Registration" finished-at="2023-06-12T14:29:41 IST" duration-ms="3766" status="PASS">
          <reporter-output>
          </reporter-output>
        </test-method> <!-- test_account_Registration -->
        <test-method is-config="true" signature="teardown()[pri:0, instance:com.qa.testCases.TC_001_AccountRegistrationTest@4cc451f2]" started-at="2023-06-12T14:29:41 IST" name="teardown" finished-at="2023-06-12T14:29:41 IST" duration-ms="239" status="PASS">
          <reporter-output>
          </reporter-output>
        </test-method> <!-- teardown -->
      </class> <!-- com.qa.testCases.TC_001_AccountRegistrationTest -->
    </test> <!-- Test -->
  </suite> <!-- opencartSuite -->
</testng-results>
