<?xml version="1.0" encoding="UTF-8"?>
<!-- Generated by org.testng.reporters.JUnitXMLReporter -->
<testsuite ignored="0" hostname="DESKTOP-63OQNSJ" failures="1" tests="2" name="Test" time="18.283" errors="0" timestamp="2023-06-10T17:04:55 IST">
  <testcase classname="com.qa.testCases.TC_001_AccountRegistrationTest" name="test_account_Registration" time="2.754"/>
  <testcase classname="com.qa.testCases.TC_002_LoginTest" name="test_login" time="1.569">
    <failure type="java.lang.NoSuchMethodError" message="&amp;apos;void org.testng.Assert.assertEquals(java.lang.Boolean, boolean)&amp;apos;">
      <![CDATA[java.lang.NoSuchMethodError: 'void org.testng.Assert.assertEquals(java.lang.Boolean, boolean)'
at com.qa.testCases.TC_002_LoginTest.test_login(TC_002_LoginTest.java:36)
at java.base/java.util.ArrayList.forEach(ArrayList.java:1511)
... Removed 27 stack frames]]>
    </failure>
  </testcase> <!-- test_login -->
</testsuite> <!-- Test -->
